0 info it worked if it ends with ok
1 verbose cli [ '/usr/local/bin/node',
1 verbose cli   '/usr/local/bin/npm',
1 verbose cli   'install',
1 verbose cli   '—save-dev',
1 verbose cli   'react-hot-loader' ]
2 info using npm@3.8.9
3 info using node@v6.2.0
4 silly loadCurrentTree Starting
5 silly install loadCurrentTree
6 silly install readLocalPackageData
7 silly fetchPackageMetaData —save-dev
8 silly fetchPackageMetaData react-hot-loader
9 silly fetchOtherPackageData —save-dev
10 silly cache add args [ '—save-dev', null ]
11 verbose cache add spec —save-dev
12 silly fetchNamedPackageData react-hot-loader
13 silly mapToRegistry name react-hot-loader
14 silly mapToRegistry using default registry
15 silly mapToRegistry registry https://registry.npm.taobao.org/
16 silly mapToRegistry data Result {
16 silly mapToRegistry   raw: 'react-hot-loader',
16 silly mapToRegistry   scope: null,
16 silly mapToRegistry   name: 'react-hot-loader',
16 silly mapToRegistry   rawSpec: '',
16 silly mapToRegistry   spec: 'latest',
16 silly mapToRegistry   type: 'tag' }
17 silly mapToRegistry uri https://registry.npm.taobao.org/react-hot-loader
18 silly cache add parsed spec Result {
18 silly cache add   raw: '—save-dev',
18 silly cache add   scope: null,
18 silly cache add   name: null,
18 silly cache add   rawSpec: '—save-dev',
18 silly cache add   spec: '/Users/bali/Desktop/webpack-study/—save-dev',
18 silly cache add   type: 'local' }
19 error addLocal Could not install /Users/bali/Desktop/webpack-study/—save-dev
20 silly fetchPackageMetaData Error: ENOENT: no such file or directory, open '/Users/bali/Desktop/webpack-study/—save-dev'
20 silly fetchPackageMetaData     at Error (native)
20 silly fetchPackageMetaData  error for —save-dev { Error: ENOENT: no such file or directory, open '/Users/bali/Desktop/webpack-study/—save-dev'
20 silly fetchPackageMetaData     at Error (native)
20 silly fetchPackageMetaData   errno: -2,
20 silly fetchPackageMetaData   code: 'ENOENT',
20 silly fetchPackageMetaData   syscall: 'open',
20 silly fetchPackageMetaData   path: '/Users/bali/Desktop/webpack-study/—save-dev' }
21 verbose request uri https://registry.npm.taobao.org/react-hot-loader
22 verbose request no auth needed
23 info attempt registry request try #1 at 02:44:04
24 verbose request id 307701194975b6a7
25 http request GET https://registry.npm.taobao.org/react-hot-loader
26 info retry will retry, error on last attempt: TypeError: The header content contains invalid characters
27 info attempt registry request try #2 at 02:44:14
28 http request GET https://registry.npm.taobao.org/react-hot-loader
29 info retry will retry, error on last attempt: TypeError: The header content contains invalid characters
30 info attempt registry request try #3 at 02:45:14
31 http request GET https://registry.npm.taobao.org/react-hot-loader
32 silly fetchPackageMetaData TypeError: The header content contains invalid characters
32 silly fetchPackageMetaData     at ClientRequest.OutgoingMessage.setHeader (_http_outgoing.js:348:11)
32 silly fetchPackageMetaData     at new ClientRequest (_http_client.js:85:14)
32 silly fetchPackageMetaData     at Object.exports.request (http.js:31:10)
32 silly fetchPackageMetaData     at Object.exports.request (https.js:199:15)
32 silly fetchPackageMetaData     at Request.start (/usr/local/lib/node_modules/npm/node_modules/request/request.js:753:32)
32 silly fetchPackageMetaData     at Request.end (/usr/local/lib/node_modules/npm/node_modules/request/request.js:1418:10)
32 silly fetchPackageMetaData     at end (/usr/local/lib/node_modules/npm/node_modules/request/request.js:580:14)
32 silly fetchPackageMetaData     at Immediate._onImmediate (/usr/local/lib/node_modules/npm/node_modules/request/request.js:594:7)
32 silly fetchPackageMetaData     at tryOnImmediate (timers.js:543:15)
32 silly fetchPackageMetaData     at processImmediate [as _immediateCallback] (timers.js:523:5)
32 silly fetchPackageMetaData  error for react-hot-loader TypeError: The header content contains invalid characters
32 silly fetchPackageMetaData     at ClientRequest.OutgoingMessage.setHeader (_http_outgoing.js:348:11)
32 silly fetchPackageMetaData     at new ClientRequest (_http_client.js:85:14)
32 silly fetchPackageMetaData     at Object.exports.request (http.js:31:10)
32 silly fetchPackageMetaData     at Object.exports.request (https.js:199:15)
32 silly fetchPackageMetaData     at Request.start (/usr/local/lib/node_modules/npm/node_modules/request/request.js:753:32)
32 silly fetchPackageMetaData     at Request.end (/usr/local/lib/node_modules/npm/node_modules/request/request.js:1418:10)
32 silly fetchPackageMetaData     at end (/usr/local/lib/node_modules/npm/node_modules/request/request.js:580:14)
32 silly fetchPackageMetaData     at Immediate._onImmediate (/usr/local/lib/node_modules/npm/node_modules/request/request.js:594:7)
32 silly fetchPackageMetaData     at tryOnImmediate (timers.js:543:15)
32 silly fetchPackageMetaData     at processImmediate [as _immediateCallback] (timers.js:523:5)
33 silly rollbackFailedOptional Starting
34 silly rollbackFailedOptional Finishing
35 silly runTopLevelLifecycles Starting
36 silly runTopLevelLifecycles Finishing
37 silly install printInstalled
38 verbose stack Error: ENOENT: no such file or directory, open '/Users/bali/Desktop/webpack-study/—save-dev'
38 verbose stack     at Error (native)
39 verbose cwd /Users/bali/Desktop/webpack-study
40 error Darwin 16.3.0
41 error argv "/usr/local/bin/node" "/usr/local/bin/npm" "install" "—save-dev" "react-hot-loader"
42 error node v6.2.0
43 error npm  v3.8.9
44 error path /Users/bali/Desktop/webpack-study/—save-dev
45 error code ENOENT
46 error errno -2
47 error syscall open
48 error enoent ENOENT: no such file or directory, open '/Users/bali/Desktop/webpack-study/—save-dev'
49 error enoent ENOENT: no such file or directory, open '/Users/bali/Desktop/webpack-study/—save-dev'
49 error enoent This is most likely not a problem with npm itself
49 error enoent and is related to npm not being able to find a file.
50 verbose exit [ -2, true ]
